[Bootstrap]
SetupTitle=Install
SetupText=Copying Files, please stand by.
CabFile=prjPrinter.CAB
Spawn=Setup1.exe
Uninstal=st6unst.exe
TmpDir=msftqws.pdw
Cabs=1

[Bootstrap Files]
File1=@VB6STKIT.DLL,$(WinSysPathSysFile),,,7/15/00 12:00:00 AM,101888,6.0.84.50
File2=@MSVCRT40.DLL,$(WinSysPathSysFile),,,6/1/99 12:00:00 AM,326656,4.22.0.0
File3=@OLEPRO32.DLL,$(WinSysPathSysFile),$(DLLSelfRegister),,3/8/99 12:00:00 AM,164112,5.0.4275.1
File4=@COMCAT.DLL,$(WinSysPathSysFile),$(DLLSelfRegister),,6/1/99 12:00:00 AM,22288,4.71.1460.1
File5=@ASYCFILT.DLL,$(WinSysPathSysFile),,,3/8/99 12:00:00 AM,147728,2.40.4275.1
File6=@OLEAUT32.DLL,$(WinSysPathSysFile),$(DLLSelfRegister),,4/12/00 12:00:00 AM,598288,2.40.4275.1
File7=@STDOLE2.TLB,$(WinSysPathSysFile),$(TLBRegister),,6/3/99 12:00:00 AM,17920,2.40.4275.1
File8=@msvbvm60.dll,$(WinSysPathSysFile),$(DLLSelfRegister),,12/3/23 11:47:43 PM,1436032,6.0.98.48

[IconGroups]
Group0=ProjetoPrinter3D
PrivateGroup0=-1
Parent0=$(Programs)

[ProjetoPrinter3D]
Icon1="prjPrinter.exe"
Title1=ProjetoPrinter3D
StartIn1=$(AppPath)

[Setup]
Title=ProjetoPrinter3D
DefaultDir=$(ProgramFiles)\prjPrinter
AppExe=prjPrinter.exe
AppToUninstall=prjPrinter.exe

[Setup1 Files]
File1=@VB5DB.DLL,$(WinSysPath),,$(Shared),6/18/98 12:00:00 AM,89360,6.0.81.69
File2=@msjtes40.dll,$(WinSysPathSysFile),$(DLLSelfRegister),,12/7/19 6:10:02 AM,290816,4.0.9801.0
File3=@msrepl40.dll,$(WinSysPathSysFile),,,12/7/19 6:10:02 AM,616448,4.0.9801.0
File4=@msrd3x40.dll,$(WinSysPathSysFile),$(DLLSelfRegister),,12/3/23 11:48:09 PM,353792,4.0.9801.27
File5=@msrd2x40.dll,$(WinSysPathSysFile),$(DLLSelfRegister),,12/7/19 6:10:02 AM,313344,4.0.9801.18
File6=@mswdat10.dll,$(WinSysPathSysFile),,,12/7/19 6:10:02 AM,866816,4.0.9801.0
File7=@mswstr10.dll,$(WinSysPathSysFile),,,12/7/19 6:10:02 AM,640512,4.0.9801.1
File8=@expsrv.dll,$(WinSysPathSysFile),,,12/7/19 6:09:29 AM,380957,6.0.72.9589
File9=@vbajet32.dll,$(WinSysPathSysFile),,,12/7/19 6:09:29 AM,30749,6.0.1.9431
File10=@msjint40.dll,$(WinSysPathSysFile),,,12/7/19 6:10:02 AM,8704,4.0.9801.1
File11=@msjter40.dll,$(WinSysPathSysFile),,,12/7/19 6:10:02 AM,83968,4.0.9801.0
File12=@msjet40.dll,$(WinSysPathSysFile),$(DLLSelfRegister),,12/3/23 11:48:09 PM,1317376,4.0.9801.32
File13=@dao360.dll,$(MSDAOPath),$(DLLSelfRegister),$(Shared),12/7/19 6:10:02 AM,610304,3.60.9765.0
File14=@MFC40.DLL,$(WinSysPathSysFile),$(DLLSelfRegister),,6/1/99 12:00:00 AM,924432,4.1.0.6140
File15=@THREED32.OCX,$(WinSysPath),$(DLLSelfRegister),$(Shared),5/9/24 9:04:32 PM,205848,1.0.41.0
File16=@msstdfmt.dll,$(WinSysPath),$(DLLSelfRegister),$(Shared),3/27/15 12:25:00 PM,130712,6.1.98.39
File17=@MShflxgd.ocx,$(WinSysPath),$(DLLSelfRegister),$(Shared),9/18/15 2:07:44 AM,444840,6.1.98.42
File18=@msmask32.ocx,$(WinSysPath),$(DLLSelfRegister),$(Shared),3/27/15 12:25:00 PM,179352,6.1.98.39
File19=@TabCtl32.Ocx,$(WinSysPath),$(DLLSelfRegister),$(Shared),3/27/15 12:25:00 PM,222360,6.1.98.39
File20=@MSFlxGrd.ocx,$(WinSysPath),$(DLLSelfRegister),$(Shared),3/27/15 12:25:00 PM,259736,6.1.98.39
File21=@mscomctl.OCX,$(WinSysPath),$(DLLSelfRegister),$(Shared),11/5/15 5:30:48 PM,1070232,6.1.98.46
File22=@mscomct2.ocx,$(WinSysPath),$(DLLSelfRegister),$(Shared),3/27/15 12:25:00 PM,660120,6.1.98.39
File23=@comctl32.Ocx,$(WinSysPath),$(DLLSelfRegister),$(Shared),11/5/15 5:30:48 PM,617896,6.0.98.39
File24=@ComCt232.ocx,$(WinSysPath),$(DLLSelfRegister),$(Shared),3/27/15 12:24:58 PM,170920,6.0.98.39
File25=@ComCt332.ocx,$(WinSysPath),$(DLLSelfRegister),$(Shared),3/27/15 12:24:58 PM,416408,6.7.0.9839
File26=@MSDatLst.Ocx,$(WinSysPath),$(DLLSelfRegister),$(Shared),3/27/15 12:25:00 PM,253080,6.1.98.39
File27=@ComDlg32.OCX,$(WinSysPath),$(DLLSelfRegister),$(Shared),3/27/15 12:24:58 PM,163480,6.1.98.41
File28=@msadomd28.tlb,$(WinSysPath),,$(Shared),12/7/19 6:10:02 AM,13824,6.2.19041.1
File29=@msado28.tlb,$(WinSysPath),,$(Shared),12/7/19 6:10:02 AM,70656,6.2.19041.1
File30=@msadox28.tlb,$(WinSysPath),,$(Shared),12/7/19 6:10:02 AM,24576,6.2.19041.1
File31=@prjPrinter.exe,$(AppPath),,,1/28/26 12:41:40 PM,765952,1.0.0.0

; The following lines may be deleted in order to obtain extra 
; space for customizing this file on a full installation diskette.
; 
; XXXXXXXXXXXXXXXXXXXXXXXXXXXXXXXXXXXXXXXXXXXXXXXXXXXXXXXXXXXX
; XXXXXXXXXXXXXXXXXXXXXXXXXXXXXXXXXXXXXXXXXXXXXXXXXXXXXXXXXXXX
; XXXXXXXXXXXXXXXXXXXXXXXXXXXXXXXXXXXXXXXXXXXXXXXXXXXXXXXXXXXX
; XXXXXXXXXXXXXXXXXXXXXXXXXXXXXXXXXXXXXXXXXXXXXXXXXXXXXXXXXXXX
; XXXXXXXXXXXXXXXXXXXXXXXXXXXXXXXXXXXXXXXXXXXXXXXXXXXXXXXXXXXX
; XXXXXXXXXXXXXXXXXXXXXXXXXXXXXXXXXXXXXXXXXXXXXXXXXXXXXXXXXXXX
; XXXXXXXXXXXXXXXXXXXXXXXXXXXXXXXXXXXXXXXXXXXXXXXXXXXXXXXXXXXX
; XXXXXXXXXXXXXXXXXXXXXXXXXXXXXXXXXXXXXXXXXXXXXXXXXXXXXXXXXXXX
; XXXXXXXXXXXXXXXXXXXXXXXXXXXXXXXXXXXXXXXXXXXXXXXXXXXXXXXXXXXX
; XXXXXXXXXXXXXXXXXXXXXXXXXXXXXXXXXXXXXXXXXXXXXXXXXXXXXXXXXXXX
; XXXXXXXXXXXXXXXXXXXXXXXXXXXXXXXXXXXXXXXXXXXXXXXXXXXXXXXXXXXX
; XXXXXXXXXXXXXXXXXXXXXXXXXXXXXXXXXXXXXXXXXXXXXXXXXXXXXXXXXXXX
; XXXXXXXXXXXXXXXXXXXXXXXXXXXXXXXXXXXXXXXXXXXXXXXXXXXXXXXXXXXX
; XXXXXXXXXXXXXXXXXXXXXXXXXXXXXXXXXXXXXXXXXXXXXXXXXXXXXXXXXXXX
; XXXXXXXXXXXXXXXXXXXXXXXXXXXXXXXXXXXXXXXXXXXXXXXXXXXXXXXXXXXX
; XXXXXXXXXXXXXXXXXXXXXXXXXXXXXXXXXXXXXXXXXXXXXXXXXXXXXXXXXXXX
; XXXXXXXXXXXXXXXXXXXXXXXXXXXXXXXXXXXXXXXXXXXXXXXXXXXXXXXXXXXX
; XXXXXXXXXXXXXXXXXXXXXXXXXXXXXXXXXXXXXXXXXXXXXXXXXXXXXXXXXXXX
; XXXXXXXXXXXXXXXXXXXXXXXXXXXXXXXXXXXXXXXXXXXXXXXXXXXXXXXXXXXX
; XXXXXXXXXXXXXXXXXXXXXXXXXXXXXXXXXXXXXXXXXXXXXXXXXXXXXXXXXXXX
; XXXXXXXXXXXXXXXXXXXXXXXXXXXXXXXXXXXXXXXXXXXXXXXXXXXXXXXXXXXX
; XXXXXXXXXXXXXXXXXXXXXXXXXXXXXXXXXXXXXXXXXXXXXXXXXXXXXXXXXXXX
; XXXXXXXXXXXXXXXXXXXXXXXXXXXXXXXXXXXXXXXXXXXXXXXXXXXXXXXXXXXX
; XXXXXXXXXXXXXXXXXXXXXXXXXXXXXXXXXXXXXXXXXXXXXXXXXXXXXXXXXXXX
; XXXXXXXXXXXXXXXXXXXXXXXXXXXXXXXXXXXXXXXXXXXXXXXXXXXXXXXXXXXX
; XXXXXXXXXXXXXXXXXXXXXXXXXXXXXXXXXXXXXXXXXXXXXXXXXXXXXXXXXXXX
; XXXXXXXXXXXXXXXXXXXXXXXXXXXXXXXXXXXXXXXXXXXXXXXXXXXXXXXXXXXX
; XXXXXXXXXXXXXXXXXXXXXXXXXXXXXXXXXXXXXXXXXXXXXXXXXXXXXXXXXXXX
; XXXXXXXXXXXXXXXXXXXXXXXXXXXXXXXXXXXXXXXXXXXXXXXXXXXXXXXXXXXX
; XXXXXXXXXXXXXXXXXXXXXXXXXXXXXXXXXXXXXXXXXXXXXXXXXXXXXXXXXXXX
; XXXXXXXXXXXXXXXXXXXXXXXXXXXXXXXXXXXXXXXXXXXXXXXXXXXXXXXXXXXX
; XXXXXXXXXXXXXXXXXXXXXXXXXXXXXXXXXXXXXXXXXXXXXXXXXXXXXXXXXXXX
; XXXXXXXXXXXXXXXXXXXXXXXXXXXXXXXXXXXXXXXXXXXXXXXXXXXXXXXXXXXX
; XXXXXXXXXXXXXXXXXXXXXXXXXXXXXXXXXXXXXXXXXXXXXXXXXXXXXXXXXXXX
; XXXXXXXXXXXXXXXXXXXXXXXXXXXXXXXXXXXXXXXXXXXXXXXXXXXXXXXXXXXX
